app/build/outputs/logs/manifest-merger-debug-report.txt
-- Merging decision tree log ---
manifest
ADDED from src\main\AndroidManifest.xml:2:1-23:12
	package
		ADDED from src\main\AndroidManifest.xml:3:5-52
		INJECTED from src\main\AndroidManifest.xml
		INJECTED from src\main\AndroidManifest.xml
	android:versionName
		INJECTED from src\main\AndroidManifest.xml
		INJECTED from src\main\AndroidManifest.xml
	xmlns:android
		ADDED from src\main\AndroidManifest.xml:2:11-69
	android:versionCode
		INJECTED from src\main\AndroidManifest.xml
		INJECTED from src\main\AndroidManifest.xml
application
ADDED from src\main\AndroidManifest.xml:5:5-21:19
MERGED from [demo-imlib-android-v2-master:IMLib:unspecified] AndroidManifest.xml:24:5-95:19
MERGED from [com.android.support:support-v4:25.3.1] AndroidManifest.xml:29:5-20
MERGED from [com.android.support:support-compat:25.3.1] AndroidManifest.xml:29:5-20
MERGED from [com.android.support:support-media-compat:25.3.1] AndroidManifest.xml:29:5-20
MERGED from [com.android.support:support-core-utils:25.3.1] AndroidManifest.xml:29:5-20
MERGED from [com.android.support:support-core-ui:25.3.1] AndroidManifest.xml:29:5-20
MERGED from [com.android.support:support-fragment:25.3.1] AndroidManifest.xml:29:5-20
	android:label
		ADDED from src\main\AndroidManifest.xml:9:9-41
	android:supportsRtl
		ADDED from src\main\AndroidManifest.xml:10:9-35
	android:allowBackup
		ADDED from src\main\AndroidManifest.xml:7:9-35
	android:icon
		ADDED from src\main\AndroidManifest.xml:8:9-46
	android:theme
		ADDED from src\main\AndroidManifest.xml:11:9-40
	android:name
		ADDED from src\main\AndroidManifest.xml:6:9-28
activity#cn.rongcloud.demo_imlib_basic_android.acvitity.MainActivity
ADDED from src\main\AndroidManifest.xml:12:9-20:20
	android:screenOrientation
		ADDED from src\main\AndroidManifest.xml:14:13-49
	android:launchMode
		ADDED from src\main\AndroidManifest.xml:13:13-44
	android:name
		ADDED from src\main\AndroidManifest.xml:12:19-56
intent-filter#android.intent.action.MAIN+android.intent.category.LAUNCHER
ADDED from src\main\AndroidManifest.xml:15:13-19:29
action#android.intent.action.MAIN
ADDED from src\main\AndroidManifest.xml:16:17-69
	android:name
		ADDED from src\main\AndroidManifest.xml:16:25-66
category#android.intent.category.LAUNCHER
ADDED from src\main\AndroidManifest.xml:18:17-77
	android:name
		ADDED from src\main\AndroidManifest.xml:18:27-74
uses-sdk
INJECTED from src\main\AndroidManifest.xml reason: use-sdk injection requested
MERGED from [demo-imlib-android-v2-master:IMLib:unspecified] AndroidManifest.xml:7:5-9:41
MERGED from [com.android.support:support-v4:25.3.1] AndroidManifest.xml:21:5-23:54
MERGED from [com.android.support:support-compat:25.3.1] AndroidManifest.xml:21:5-23:58
MERGED from [com.android.support:support-media-compat:25.3.1] AndroidManifest.xml:21:5-23:63
MERGED from [com.android.support:support-core-utils:25.3.1] AndroidManifest.xml:21:5-23:61
MERGED from [com.android.support:support-core-ui:25.3.1] AndroidManifest.xml:21:5-23:58
MERGED from [com.android.support:support-fragment:25.3.1] AndroidManifest.xml:21:5-23:60
MERGED from [com.android.support:recyclerview-v7:25.3.1] AndroidManifest.xml:20:5-43
	tools:overrideLibrary
		ADDED from [com.android.support:support-v4:25.3.1] AndroidManifest.xml:23:9-51
	android:targetSdkVersion
		INJECTED from src\main\AndroidManifest.xml
		INJECTED from src\main\AndroidManifest.xml
	android:minSdkVersion
		INJECTED from src\main\AndroidManifest.xml
		INJECTED from src\main\AndroidManifest.xml
uses-permission#android.permission.WRITE_EXTERNAL_STORAGE
ADDED from [demo-imlib-android-v2-master:IMLib:unspecified] AndroidManifest.xml:11:5-81
	android:name
		ADDED from [demo-imlib-android-v2-master:IMLib:unspecified] AndroidManifest.xml:11:22-78
uses-permission#android.permission.INTERNET
ADDED from [demo-imlib-android-v2-master:IMLib:unspecified] AndroidManifest.xml:12:5-67
	android:name
		ADDED from [demo-imlib-android-v2-master:IMLib:unspecified] AndroidManifest.xml:12:22-64
uses-permission#android.permission.ACCESS_NETWORK_STATE
ADDED from [demo-imlib-android-v2-master:IMLib:unspecified] AndroidManifest.xml:13:5-79
	android:name
		ADDED from [demo-imlib-android-v2-master:IMLib:unspecified] AndroidManifest.xml:13:22-76
uses-permission#android.permission.ACCESS_WIFI_STATE
ADDED from [demo-imlib-android-v2-master:IMLib:unspecified] AndroidManifest.xml:14:5-76
	android:name
		ADDED from [demo-imlib-android-v2-master:IMLib:unspecified] AndroidManifest.xml:14:22-73
uses-permission#android.permission.READ_PHONE_STATE
ADDED from [demo-imlib-android-v2-master:IMLib:unspecified] AndroidManifest.xml:15:5-75
	android:name
		ADDED from [demo-imlib-android-v2-master:IMLib:unspecified] AndroidManifest.xml:15:22-72
uses-permission#android.permission.RECORD_AUDIO
ADDED from [demo-imlib-android-v2-master:IMLib:unspecified] AndroidManifest.xml:16:5-71
	android:name
		ADDED from [demo-imlib-android-v2-master:IMLib:unspecified] AndroidManifest.xml:16:22-68
uses-permission#android.permission.GET_TASKS
ADDED from [demo-imlib-android-v2-master:IMLib:unspecified] AndroidManifest.xml:17:5-68
	android:name
		ADDED from [demo-imlib-android-v2-master:IMLib:unspecified] AndroidManifest.xml:17:22-65
uses-permission#android.permission.WAKE_LOCK
ADDED from [demo-imlib-android-v2-master:IMLib:unspecified] AndroidManifest.xml:18:5-68
	android:name
		ADDED from [demo-imlib-android-v2-master:IMLib:unspecified] AndroidManifest.xml:18:22-65
uses-permission#android.permission.MODIFY_AUDIO_SETTINGS
ADDED from [demo-imlib-android-v2-master:IMLib:unspecified] AndroidManifest.xml:19:5-80
	android:name
		ADDED from [demo-imlib-android-v2-master:IMLib:unspecified] AndroidManifest.xml:19:22-77
uses-permission#android.permission.VIBRATE
ADDED from [demo-imlib-android-v2-master:IMLib:unspecified] AndroidManifest.xml:20:5-66
	android:name
		ADDED from [demo-imlib-android-v2-master:IMLib:unspecified] AndroidManifest.xml:20:22-63
uses-permission#android.permission.ACCESS_FINE_LOCATION
ADDED from [demo-imlib-android-v2-master:IMLib:unspecified] AndroidManifest.xml:21:5-79
	android:name
		ADDED from [demo-imlib-android-v2-master:IMLib:unspecified] AndroidManifest.xml:21:22-76
uses-permission#android.permission.RECEIVE_BOOT_COMPLETED
ADDED from [demo-imlib-android-v2-master:IMLib:unspecified] AndroidManifest.xml:22:5-81
	android:name
		ADDED from [demo-imlib-android-v2-master:IMLib:unspecified] AndroidManifest.xml:22:22-78
meta-data#RONG_CLOUD_APP_KEY
ADDED from [demo-imlib-android-v2-master:IMLib:unspecified] AndroidManifest.xml:27:9-29:45
	android:value
		ADDED from [demo-imlib-android-v2-master:IMLib:unspecified] AndroidManifest.xml:29:13-42
	android:name
		ADDED from [demo-imlib-android-v2-master:IMLib:unspecified] AndroidManifest.xml:28:13-46
service#io.rong.imlib.ipc.RongService
ADDED from [demo-imlib-android-v2-master:IMLib:unspecified] AndroidManifest.xml:31:9-34:38
	android:process
		ADDED from [demo-imlib-android-v2-master:IMLib:unspecified] AndroidManifest.xml:34:13-35
	android:exported
		ADDED from [demo-imlib-android-v2-master:IMLib:unspecified] AndroidManifest.xml:33:13-36
	android:name
		ADDED from [demo-imlib-android-v2-master:IMLib:unspecified] AndroidManifest.xml:32:13-57
service#io.rong.imlib.ReConnectService
ADDED from [demo-imlib-android-v2-master:IMLib:unspecified] AndroidManifest.xml:35:9-37:39
	android:exported
		ADDED from [demo-imlib-android-v2-master:IMLib:unspecified] AndroidManifest.xml:37:13-36
	android:name
		ADDED from [demo-imlib-android-v2-master:IMLib:unspecified] AndroidManifest.xml:36:13-58
receiver#io.rong.imlib.ConnectChangeReceiver
ADDED from [demo-imlib-android-v2-master:IMLib:unspecified] AndroidManifest.xml:39:9-41:39
	android:exported
		ADDED from [demo-imlib-android-v2-master:IMLib:unspecified] AndroidManifest.xml:41:13-36
	android:name
		ADDED from [demo-imlib-android-v2-master:IMLib:unspecified] AndroidManifest.xml:40:13-63
receiver#io.rong.imlib.HeartbeatReceiver
ADDED from [demo-imlib-android-v2-master:IMLib:unspecified] AndroidManifest.xml:42:9-44:38
	android:process
		ADDED from [demo-imlib-android-v2-master:IMLib:unspecified] AndroidManifest.xml:44:13-35
	android:name
		ADDED from [demo-imlib-android-v2-master:IMLib:unspecified] AndroidManifest.xml:43:13-59
service#io.rong.push.core.PushRegistrationService
ADDED from [demo-imlib-android-v2-master:IMLib:unspecified] AndroidManifest.xml:50:9-53:19
	android:exported
		ADDED from [demo-imlib-android-v2-master:IMLib:unspecified] AndroidManifest.xml:52:13-37
	android:name
		ADDED from [demo-imlib-android-v2-master:IMLib:unspecified] AndroidManifest.xml:51:13-69
service#io.rong.push.core.MessageHandleService
ADDED from [demo-imlib-android-v2-master:IMLib:unspecified] AndroidManifest.xml:56:9-59:19
	android:exported
		ADDED from [demo-imlib-android-v2-master:IMLib:unspecified] AndroidManifest.xml:58:13-36
	android:name
		ADDED from [demo-imlib-android-v2-master:IMLib:unspecified] AndroidManifest.xml:57:13-66
service#io.rong.push.PushService
ADDED from [demo-imlib-android-v2-master:IMLib:unspecified] AndroidManifest.xml:62:9-66:19
	android:process
		ADDED from [demo-imlib-android-v2-master:IMLib:unspecified] AndroidManifest.xml:65:13-43
	android:exported
		ADDED from [demo-imlib-android-v2-master:IMLib:unspecified] AndroidManifest.xml:64:13-37
	android:name
		ADDED from [demo-imlib-android-v2-master:IMLib:unspecified] AndroidManifest.xml:63:13-52
receiver#io.rong.push.PushReceiver
ADDED from [demo-imlib-android-v2-master:IMLib:unspecified] AndroidManifest.xml:69:9-89:20
	android:process
		ADDED from [demo-imlib-android-v2-master:IMLib:unspecified] AndroidManifest.xml:71:13-43
	android:name
		ADDED from [demo-imlib-android-v2-master:IMLib:unspecified] AndroidManifest.xml:70:13-53
intent-filter#io.rong.push.intent.action.HEART_BEAT
ADDED from [demo-imlib-android-v2-master:IMLib:unspecified] AndroidManifest.xml:73:13-75:29
action#io.rong.push.intent.action.HEART_BEAT
ADDED from [demo-imlib-android-v2-master:IMLib:unspecified] AndroidManifest.xml:74:17-80
	android:name
		ADDED from [demo-imlib-android-v2-master:IMLib:unspecified] AndroidManifest.xml:74:25-77
intent-filter#android.net.conn.CONNECTIVITY_CHANGE
ADDED from [demo-imlib-android-v2-master:IMLib:unspecified] AndroidManifest.xml:77:13-79:29
action#android.net.conn.CONNECTIVITY_CHANGE
ADDED from [demo-imlib-android-v2-master:IMLib:unspecified] AndroidManifest.xml:78:17-79
	android:name
		ADDED from [demo-imlib-android-v2-master:IMLib:unspecified] AndroidManifest.xml:78:25-76
intent-filter#android.intent.action.BOOT_COMPLETED
ADDED from [demo-imlib-android-v2-master:IMLib:unspecified] AndroidManifest.xml:81:13-83:29
action#android.intent.action.BOOT_COMPLETED
ADDED from [demo-imlib-android-v2-master:IMLib:unspecified] AndroidManifest.xml:82:17-79
	android:name
		ADDED from [demo-imlib-android-v2-master:IMLib:unspecified] AndroidManifest.xml:82:25-76
intent-filter#android.intent.action.ACTION_POWER_CONNECTED+android.intent.action.ACTION_POWER_DISCONNECTED+android.intent.action.USER_PRESENT
ADDED from [demo-imlib-android-v2-master:IMLib:unspecified] AndroidManifest.xml:84:13-88:29
action#android.intent.action.USER_PRESENT
ADDED from [demo-imlib-android-v2-master:IMLib:unspecified] AndroidManifest.xml:85:17-77
	android:name
		ADDED from [demo-imlib-android-v2-master:IMLib:unspecified] AndroidManifest.xml:85:25-74
action#android.intent.action.ACTION_POWER_CONNECTED
ADDED from [demo-imlib-android-v2-master:IMLib:unspecified] AndroidManifest.xml:86:17-87
	android:name
		ADDED from [demo-imlib-android-v2-master:IMLib:unspecified] AndroidManifest.xml:86:25-84
action#android.intent.action.ACTION_POWER_DISCONNECTED
ADDED from [demo-imlib-android-v2-master:IMLib:unspecified] AndroidManifest.xml:87:17-90
	android:name
		ADDED from [demo-imlib-android-v2-master:IMLib:unspecified] AndroidManifest.xml:87:25-87
android:uses-permission#android.permission.READ_EXTERNAL_STORAGE
IMPLIED from src\main\AndroidManifest.xml:2:1-23:12 reason: io.rong.imlib requested WRITE_EXTERNAL_STORAGE
meta-data#android.support.VERSION
ADDED from [com.android.support:support-v4:25.3.1] AndroidManifest.xml:25:5-27:34
MERGED from [com.android.support:support-compat:25.3.1] AndroidManifest.xml:25:5-27:34
MERGED from [com.android.support:support-media-compat:25.3.1] AndroidManifest.xml:25:5-27:34
MERGED from [com.android.support:support-core-utils:25.3.1] AndroidManifest.xml:25:5-27:34
MERGED from [com.android.support:support-core-ui:25.3.1] AndroidManifest.xml:25:5-27:34
MERGED from [com.android.support:support-fragment:25.3.1] AndroidManifest.xml:25:5-27:34
MERGED from [com.android.support:recyclerview-v7:25.3.1] AndroidManifest.xml:22:5-24:34
	android:value
		ADDED from [com.android.support:support-v4:25.3.1] AndroidManifest.xml:27:9-31
	android:name
		ADDED from [com.android.support:support-v4:25.3.1] AndroidManifest.xml:26:9-47